0 info it worked if it ends with ok
1 verbose cli [ 'node',
1 verbose cli   '/usr/local/bin/npm',
1 verbose cli   'install',
1 verbose cli   '-g',
1 verbose cli   'generator-webapp' ]
2 info using npm@2.11.3
3 info using node@v0.12.0
4 verbose install initial load of /usr/local/lib/package.json
5 verbose readDependencies loading dependencies from /usr/local/lib/package.json
6 silly cache add args [ 'generator-webapp', null ]
7 verbose cache add spec generator-webapp
8 silly cache add parsed spec { raw: 'generator-webapp',
8 silly cache add   scope: null,
8 silly cache add   name: 'generator-webapp',
8 silly cache add   rawSpec: '',
8 silly cache add   spec: '*',
8 silly cache add   type: 'range' }
9 silly addNamed generator-webapp@*
10 verbose addNamed "*" is a valid semver range for generator-webapp
11 silly addNameRange { name: 'generator-webapp', range: '*', hasData: false }
12 silly mapToRegistry name generator-webapp
13 silly mapToRegistry using default registry
14 silly mapToRegistry registry https://registry.npmjs.org/
15 silly mapToRegistry uri https://registry.npmjs.org/generator-webapp
16 verbose addNameRange registry:https://registry.npmjs.org/generator-webapp not in flight; fetching
17 verbose request uri https://registry.npmjs.org/generator-webapp
18 verbose request no auth needed
19 info attempt registry request try #1 at 2:03:31 PM
20 verbose request id f62c60684096cf42
21 verbose etag "2OAHPYT4M3XX4R2DNTWYT7MO9"
22 http request GET https://registry.npmjs.org/generator-webapp
23 http 200 https://registry.npmjs.org/generator-webapp
24 silly get cb [ 200,
24 silly get   { server: 'CouchDB/1.5.0 (Erlang OTP/R16B03)',
24 silly get     etag: '"B9IB7UIHYL8JSC5VT35OM7S89"',
24 silly get     'content-type': 'application/json',
24 silly get     'cache-control': 'max-age=60',
24 silly get     'content-length': '54683',
24 silly get     'accept-ranges': 'bytes',
24 silly get     date: 'Tue, 18 Aug 2015 21:03:31 GMT',
24 silly get     via: '1.1 varnish',
24 silly get     age: '0',
24 silly get     connection: 'keep-alive',
24 silly get     'x-served-by': 'cache-sjc3130-SJC',
24 silly get     'x-cache': 'MISS',
24 silly get     'x-cache-hits': '0',
24 silly get     'x-timer': 'S1439931811.479436,VS0,VE86',
24 silly get     vary: 'Accept' } ]
25 verbose get saving generator-webapp to /Users/kmurph/.npm/registry.npmjs.org/generator-webapp/.cache.json
26 silly addNameRange number 2 { name: 'generator-webapp', range: '*', hasData: true }
27 silly addNameRange versions [ 'generator-webapp',
27 silly addNameRange   [ '0.1.0',
27 silly addNameRange     '0.1.1',
27 silly addNameRange     '0.1.2',
27 silly addNameRange     '0.1.3',
27 silly addNameRange     '0.1.4',
27 silly addNameRange     '0.1.5',
27 silly addNameRange     '0.1.6',
27 silly addNameRange     '0.1.7',
27 silly addNameRange     '0.2.0',
27 silly addNameRange     '0.2.1',
27 silly addNameRange     '0.2.2',
27 silly addNameRange     '0.2.3',
27 silly addNameRange     '0.2.4',
27 silly addNameRange     '0.2.5',
27 silly addNameRange     '0.2.6',
27 silly addNameRange     '0.2.7',
27 silly addNameRange     '0.3.0',
27 silly addNameRange     '0.3.1',
27 silly addNameRange     '0.4.0',
27 silly addNameRange     '0.4.1',
27 silly addNameRange     '0.4.2',
27 silly addNameRange     '0.4.3',
27 silly addNameRange     '0.4.4',
27 silly addNameRange     '0.4.5',
27 silly addNameRange     '0.4.6',
27 silly addNameRange     '0.4.7',
27 silly addNameRange     '0.4.8',
27 silly addNameRange     '0.4.9',
27 silly addNameRange     '0.5.0-1',
27 silly addNameRange     '0.5.0-rc.1',
27 silly addNameRange     '0.5.0-2',
27 silly addNameRange     '0.5.0',
27 silly addNameRange     '0.5.1',
27 silly addNameRange     '0.6.0',
27 silly addNameRange     '0.6.1',
27 silly addNameRange     '0.6.2',
27 silly addNameRange     '1.0.0',
27 silly addNameRange     '1.0.1' ] ]
28 silly addNamed generator-webapp@1.0.1
29 verbose addNamed "1.0.1" is a plain semver version for generator-webapp
30 silly mapToRegistry name generator-webapp
31 silly mapToRegistry using default registry
32 silly mapToRegistry registry https://registry.npmjs.org/
33 silly mapToRegistry uri https://registry.npmjs.org/generator-webapp
34 verbose addRemoteTarball https://registry.npmjs.org/generator-webapp/-/generator-webapp-1.0.1.tgz not in flight; adding
35 verbose addRemoteTarball [ 'https://registry.npmjs.org/generator-webapp/-/generator-webapp-1.0.1.tgz',
35 verbose addRemoteTarball   '00d92be01f6da8b52ef578ca150255735eac40f5' ]
36 info retry fetch attempt 1 at 2:03:31 PM
37 info attempt registry request try #1 at 2:03:31 PM
38 http fetch GET https://registry.npmjs.org/generator-webapp/-/generator-webapp-1.0.1.tgz
39 http fetch 200 https://registry.npmjs.org/generator-webapp/-/generator-webapp-1.0.1.tgz
40 silly fetchAndShaCheck shasum 00d92be01f6da8b52ef578ca150255735eac40f5
41 verbose addTmpTarball /var/folders/2_/nzmrvj95117_3zjcr0gc889c0000gn/T/npm-44323-bd97e76b/registry.npmjs.org/generator-webapp/-/generator-webapp-1.0.1.tgz not in flight; adding
42 verbose addTmpTarball already have metadata; skipping unpack for generator-webapp@1.0.1
43 silly cache afterAdd generator-webapp@1.0.1
44 verbose afterAdd /Users/kmurph/.npm/generator-webapp/1.0.1/package/package.json not in flight; writing
45 verbose afterAdd /Users/kmurph/.npm/generator-webapp/1.0.1/package/package.json written
46 silly install resolved [ { name: 'generator-webapp',
46 silly install resolved     version: '1.0.1',
46 silly install resolved     description: 'Scaffold out a front-end web app',
46 silly install resolved     license: 'BSD',
46 silly install resolved     repository:
46 silly install resolved      { type: 'git',
46 silly install resolved        url: 'git+https://github.com/yeoman/generator-webapp.git' },
46 silly install resolved     author: { name: 'Yeoman' },
46 silly install resolved     main: 'app/index.js',
46 silly install resolved     scripts: { test: 'mocha --reporter spec' },
46 silly install resolved     files: [ 'app' ],
46 silly install resolved     keywords:
46 silly install resolved      [ 'yeoman-generator',
46 silly install resolved        'web',
46 silly install resolved        'app',
46 silly install resolved        'front-end',
46 silly install resolved        'h5bp',
46 silly install resolved        'modernizr',
46 silly install resolved        'jquery',
46 silly install resolved        'grunt' ],
46 silly install resolved     dependencies:
46 silly install resolved      { chalk: '^1.0.0',
46 silly install resolved        'generator-jasmine': '^0.2.0',
46 silly install resolved        'generator-mocha': '^0.2.0',
46 silly install resolved        mkdirp: '^0.5.1',
46 silly install resolved        'underscore.string': '^3.1.1',
46 silly install resolved        wiredep: '^2.2.2',
46 silly install resolved        'yeoman-generator': '^0.20.1',
46 silly install resolved        yosay: '^1.0.4' },
46 silly install resolved     devDependencies: { 'grunt-cli': '^0.1.13', mocha: '*', 'yeoman-assert': '^2.0.0' },
46 silly install resolved     gitHead: '79b524e1dea218f79225cdd656f8bd8b099840a0',
46 silly install resolved     bugs: { url: 'https://github.com/yeoman/generator-webapp/issues' },
46 silly install resolved     homepage: 'https://github.com/yeoman/generator-webapp#readme',
46 silly install resolved     _id: 'generator-webapp@1.0.1',
46 silly install resolved     _shasum: '00d92be01f6da8b52ef578ca150255735eac40f5',
46 silly install resolved     _from: 'generator-webapp@*',
46 silly install resolved     _npmVersion: '2.9.1',
46 silly install resolved     _nodeVersion: '0.12.3',
46 silly install resolved     _npmUser: { name: 'silvenon', email: 'matija.marohnic@gmail.com' },
46 silly install resolved     dist:
46 silly install resolved      { shasum: '00d92be01f6da8b52ef578ca150255735eac40f5',
46 silly install resolved        tarball: 'http://registry.npmjs.org/generator-webapp/-/generator-webapp-1.0.1.tgz' },
46 silly install resolved     maintainers:
46 silly install resolved      [ [Object],
46 silly install resolved        [Object],
46 silly install resolved        [Object],
46 silly install resolved        [Object],
46 silly install resolved        [Object],
46 silly install resolved        [Object],
46 silly install resolved        [Object] ],
46 silly install resolved     directories: {},
46 silly install resolved     _resolved: 'https://registry.npmjs.org/generator-webapp/-/generator-webapp-1.0.1.tgz' } ]
47 info install generator-webapp@1.0.1 into /usr/local/lib
48 info installOne generator-webapp@1.0.1
49 verbose installOne of generator-webapp to /usr/local/lib not in flight; installing
50 verbose lock using /Users/kmurph/.npm/_locks/generator-webapp-9b485c3ef99446bb.lock for /usr/local/lib/node_modules/generator-webapp
51 silly install write writing generator-webapp 1.0.1 to /usr/local/lib/node_modules/generator-webapp
52 verbose unbuild lib/node_modules/generator-webapp
53 info preuninstall generator-webapp@0.5.1
54 info uninstall generator-webapp@0.5.1
55 verbose unbuild rmStuff generator-webapp@0.5.1 from /usr/local/lib/node_modules
56 info postuninstall generator-webapp@0.5.1
57 silly gentlyRm /usr/local/lib/node_modules/generator-webapp is being purged from base /usr/local
58 verbose gentlyRm don't care about contents; nuking /usr/local/lib/node_modules/generator-webapp
59 silly vacuum-fs purging /usr/local/lib/node_modules/generator-webapp
60 verbose unlock done using /Users/kmurph/.npm/_locks/generator-webapp-9b485c3ef99446bb.lock for /usr/local/lib/node_modules/generator-webapp
61 verbose stack Error: EACCES, rmdir '/usr/local/lib/node_modules/generator-webapp/app'
61 verbose stack     at Error (native)
62 verbose cwd /Users/kmurph/code/jekyll/dbzabr
63 error Darwin 14.5.0
64 error argv "node" "/usr/local/bin/npm" "install" "-g" "generator-webapp"
65 error node v0.12.0
66 error npm  v2.11.3
67 error path /usr/local/lib/node_modules/generator-webapp/app
68 error code EACCES
69 error errno -13
70 error Error: EACCES, rmdir '/usr/local/lib/node_modules/generator-webapp/app'
70 error     at Error (native)
70 error  { [Error: EACCES, rmdir '/usr/local/lib/node_modules/generator-webapp/app']
70 error   errno: -13,
70 error   code: 'EACCES',
70 error   path: '/usr/local/lib/node_modules/generator-webapp/app' }
71 error Please try running this command again as root/Administrator.
72 verbose exit [ -13, true ]
73 verbose unbuild lib/node_modules/generator-webapp
74 info preuninstall generator-webapp@0.5.1
75 info uninstall generator-webapp@0.5.1
76 verbose unbuild rmStuff generator-webapp@0.5.1 from /usr/local/lib/node_modules
77 info postuninstall generator-webapp@0.5.1
78 silly gentlyRm /usr/local/lib/node_modules/generator-webapp is being purged from base /usr/local
79 verbose gentlyRm don't care about contents; nuking /usr/local/lib/node_modules/generator-webapp
80 silly vacuum-fs purging /usr/local/lib/node_modules/generator-webapp
81 error error rolling back Error: EACCES, rmdir '/usr/local/lib/node_modules/generator-webapp/app'
81 error error rolling back     at Error (native)
81 error error rolling back  { [Error: EACCES, rmdir '/usr/local/lib/node_modules/generator-webapp/app']
81 error error rolling back   errno: -13,
81 error error rolling back   code: 'EACCES',
81 error error rolling back   path: '/usr/local/lib/node_modules/generator-webapp/app' }
